<?xml version="1.0" encoding="UTF-8"?>
<testsuite name="com.mxis.server.device.controller.DeviceManagementControllerTest" tests="2" skipped="0" failures="0" errors="0" timestamp="2026-08-17T09:15:54" hostname="minuui-MacBookAir.local" time="0.007">
  <properties/>
  <testcase name="getSummary_success_returnsDeviceManagementFields()" classname="com.mxis.server.device.controller.DeviceManagementControllerTest" time="0.006"/>
  <testcase name="getSummary_requiresAuth_returns401WithoutToken()" classname="com.mxis.server.device.controller.DeviceManagementControllerTest" time="0.001"/>
  <system-out><![CDATA[2026-08-17T18:15:53.987+09:00  INFO 15030 --- [mxis-server] [    Test worker] t.c.s.AnnotationConfigContextLoaderUtils : Could not detect default configuration classes for test class [com.mxis.server.device.controller.DeviceManagementControllerTest]: DeviceManagementControllerTest does not declare any static, non-private, non-final, nested classes annotated with @Configuration.
2026-08-17T18:15:53.989+09:00  INFO 15030 --- [mxis-server] [    Test worker] .b.t.c.SpringBootTestContextBootstrapper : Found @SpringBootConfiguration com.mxis.server.MxisServerApplication for test class com.mxis.server.device.controller.DeviceManagementControllerTest

  .   ____          _            __ _ _
 /\\ / ___'_ __ _ _(_)_ __  __ _ \ \ \ \
( ( )\___ | '_ | '_| | '_ \/ _` | \ \ \ \
 \\/  ___)| |_)| | | | | || (_| |  ) ) ) )
  '  |____| .__|_| |_|_| |_\__, | / / / /
 =========|_|==============|___/=/_/_/_/

 :: Spring Boot ::                (v3.3.5)

2026-08-17T18:15:53.995+09:00  INFO 15030 --- [mxis-server] [    Test worker] c.m.s.d.c.DeviceManagementControllerTest : Starting DeviceManagementControllerTest using Java 17.0.17 with PID 15030 (started by minu in /Users/minu/IdeaProjects/MXIS-server)
2026-08-17T18:15:53.995+09:00 DEBUG 15030 --- [mxis-server] [    Test worker] c.m.s.d.c.DeviceManagementControllerTest : Running with Spring Boot v3.3.5, Spring v6.1.14
2026-08-17T18:15:53.995+09:00  INFO 15030 --- [mxis-server] [    Test worker] c.m.s.d.c.DeviceManagementControllerTest : The following 1 profile is active: "local"
2026-08-17T18:15:54.063+09:00  WARN 15030 --- [mxis-server] [    Test worker] .s.s.UserDetailsServiceAutoConfiguration : 

Using generated security password: 69850b7f-805f-45b3-97fc-2eef928b4195

This generated password is for development use only. Your security configuration must be updated before running your application in production.

2026-08-17T18:15:54.064+09:00  INFO 15030 --- [mxis-server] [    Test worker] r$InitializeUserDetailsManagerConfigurer : Global AuthenticationManager configured with UserDetailsService bean with name inMemoryUserDetailsManager
2026-08-17T18:15:54.083+09:00 DEBUG 15030 --- [mxis-server] [    Test worker] c.m.s.c.s.JwtAuthenticationFilter        : Filter 'jwtAuthenticationFilter' configured for use
2026-08-17T18:15:54.083+09:00  INFO 15030 --- [mxis-server] [    Test worker] o.s.b.t.m.w.SpringBootMockServletContext : Initializing Spring TestDispatcherServlet ''
2026-08-17T18:15:54.083+09:00  INFO 15030 --- [mxis-server] [    Test worker] o.s.t.web.servlet.TestDispatcherServlet  : Initializing Servlet ''
2026-08-17T18:15:54.083+09:00  INFO 15030 --- [mxis-server] [    Test worker] o.s.t.web.servlet.TestDispatcherServlet  : Completed initialization in 0 ms
2026-08-17T18:15:54.085+09:00  INFO 15030 --- [mxis-server] [    Test worker] c.m.s.d.c.DeviceManagementControllerTest : Started DeviceManagementControllerTest in 0.096 seconds (process running for 2.34)
]]></system-out>
  <system-err><![CDATA[]]></system-err>
</testsuite>
