<?xml version="1.0" encoding="UTF-8"?>
<testsuite name="com.mxis.server.sensor.controller.SensorReadingControllerTest" tests="4" skipped="0" failures="0" errors="0" timestamp="2026-08-10T01:27:47" hostname="minuui-MacBookAir.local" time="0.041">
  <properties/>
  <testcase name="syncBatch_emptyReadings_returns400()" classname="com.mxis.server.sensor.controller.SensorReadingControllerTest" time="0.025"/>
  <testcase name="syncBatch_deviceNotLinked_returns409()" classname="com.mxis.server.sensor.controller.SensorReadingControllerTest" time="0.007"/>
  <testcase name="syncBatch_success_returns201()" classname="com.mxis.server.sensor.controller.SensorReadingControllerTest" time="0.006"/>
  <testcase name="syncBatch_withoutToken_returns401()" classname="com.mxis.server.sensor.controller.SensorReadingControllerTest" time="0.002"/>
  <system-out><![CDATA[2026-08-10T10:27:47.582+09:00  INFO 50377 --- [mxis-server] [    Test worker] t.c.s.AnnotationConfigContextLoaderUtils : Could not detect default configuration classes for test class [com.mxis.server.sensor.controller.SensorReadingControllerTest]: SensorReadingControllerTest does not declare any static, non-private, non-final, nested classes annotated with @Configuration.
2026-08-10T10:27:47.587+09:00  INFO 50377 --- [mxis-server] [    Test worker] .b.t.c.SpringBootTestContextBootstrapper : Found @SpringBootConfiguration com.mxis.server.MxisServerApplication for test class com.mxis.server.sensor.controller.SensorReadingControllerTest

  .   ____          _            __ _ _
 /\\ / ___'_ __ _ _(_)_ __  __ _ \ \ \ \
( ( )\___ | '_ | '_| | '_ \/ _` | \ \ \ \
 \\/  ___)| |_)| | | | | || (_| |  ) ) ) )
  '  |____| .__|_| |_|_| |_\__, | / / / /
 =========|_|==============|___/=/_/_/_/

 :: Spring Boot ::                (v3.3.5)

2026-08-10T10:27:47.596+09:00  INFO 50377 --- [mxis-server] [    Test worker] c.m.s.s.c.SensorReadingControllerTest    : Starting SensorReadingControllerTest using Java 17.0.17 with PID 50377 (started by minu in /Users/minu/IdeaProjects/MXIS-server)
2026-08-10T10:27:47.596+09:00 DEBUG 50377 --- [mxis-server] [    Test worker] c.m.s.s.c.SensorReadingControllerTest    : Running with Spring Boot v3.3.5, Spring v6.1.14
2026-08-10T10:27:47.596+09:00  INFO 50377 --- [mxis-server] [    Test worker] c.m.s.s.c.SensorReadingControllerTest    : The following 1 profile is active: "local"
2026-08-10T10:27:47.662+09:00  WARN 50377 --- [mxis-server] [    Test worker] .s.s.UserDetailsServiceAutoConfiguration : 

Using generated security password: 24939dd1-5f4c-44e3-916e-2dbb558ff45d

This generated password is for development use only. Your security configuration must be updated before running your application in production.

2026-08-10T10:27:47.663+09:00  INFO 50377 --- [mxis-server] [    Test worker] r$InitializeUserDetailsManagerConfigurer : Global AuthenticationManager configured with UserDetailsService bean with name inMemoryUserDetailsManager
2026-08-10T10:27:47.683+09:00 DEBUG 50377 --- [mxis-server] [    Test worker] c.m.s.c.s.JwtAuthenticationFilter        : Filter 'jwtAuthenticationFilter' configured for use
2026-08-10T10:27:47.683+09:00  INFO 50377 --- [mxis-server] [    Test worker] o.s.b.t.m.w.SpringBootMockServletContext : Initializing Spring TestDispatcherServlet ''
2026-08-10T10:27:47.683+09:00  INFO 50377 --- [mxis-server] [    Test worker] o.s.t.web.servlet.TestDispatcherServlet  : Initializing Servlet ''
2026-08-10T10:27:47.684+09:00  INFO 50377 --- [mxis-server] [    Test worker] o.s.t.web.servlet.TestDispatcherServlet  : Completed initialization in 1 ms
2026-08-10T10:27:47.688+09:00  INFO 50377 --- [mxis-server] [    Test worker] c.m.s.s.c.SensorReadingControllerTest    : Started SensorReadingControllerTest in 0.1 seconds (process running for 2.231)
2026-08-10T10:27:47.720+09:00  WARN 50377 --- [mxis-server] [    Test worker] c.m.s.c.e.GlobalExceptionHandler         : BusinessException: 기기가 아직 제품에 연결되지 않아 센서 데이터를 저장할 수 없습니다.
]]></system-out>
  <system-err><![CDATA[]]></system-err>
</testsuite>
