<?xml version="1.0" encoding="UTF-8"?>
<testsuite name="com.mxis.server.product.controller.ProductControllerTest" tests="11" skipped="0" failures="0" errors="0" timestamp="2026-08-18T18:21:19" hostname="minuui-MacBookAir.local" time="0.038">
  <properties/>
  <testcase name="recognize_notRecognized_returns404()" classname="com.mxis.server.product.controller.ProductControllerTest" time="0.007"/>
  <testcase name="recognize_requiresAuth_returns401WithoutToken()" classname="com.mxis.server.product.controller.ProductControllerTest" time="0.001"/>
  <testcase name="getProduct_notFound_returns404()" classname="com.mxis.server.product.controller.ProductControllerTest" time="0.003"/>
  <testcase name="register_success_returns201()" classname="com.mxis.server.product.controller.ProductControllerTest" time="0.009"/>
  <testcase name="getProduct_notOwned_returns403()" classname="com.mxis.server.product.controller.ProductControllerTest" time="0.003"/>
  <testcase name="register_blankProductName_returns400()" classname="com.mxis.server.product.controller.ProductControllerTest" time="0.002"/>
  <testcase name="recognize_success_returnsProductInfo()" classname="com.mxis.server.product.controller.ProductControllerTest" time="0.003"/>
  <testcase name="delete_success_returns204()" classname="com.mxis.server.product.controller.ProductControllerTest" time="0.002"/>
  <testcase name="getPrimaryProduct_success_returnsProduct()" classname="com.mxis.server.product.controller.ProductControllerTest" time="0.001"/>
  <testcase name="setPrimaryProduct_success_returnsPrimaryProduct()" classname="com.mxis.server.product.controller.ProductControllerTest" time="0.001"/>
  <testcase name="getMyProducts_success_returnsList()" classname="com.mxis.server.product.controller.ProductControllerTest" time="0.002"/>
  <system-out><![CDATA[2026-08-19T03:21:19.215+09:00  INFO 60256 --- [mxis-server] [    Test worker] t.c.s.AnnotationConfigContextLoaderUtils : Could not detect default configuration classes for test class [com.mxis.server.product.controller.ProductControllerTest]: ProductControllerTest does not declare any static, non-private, non-final, nested classes annotated with @Configuration.
2026-08-19T03:21:19.222+09:00  INFO 60256 --- [mxis-server] [    Test worker] .b.t.c.SpringBootTestContextBootstrapper : Found @SpringBootConfiguration com.mxis.server.MxisServerApplication for test class com.mxis.server.product.controller.ProductControllerTest

  .   ____          _            __ _ _
 /\\ / ___'_ __ _ _(_)_ __  __ _ \ \ \ \
( ( )\___ | '_ | '_| | '_ \/ _` | \ \ \ \
 \\/  ___)| |_)| | | | | || (_| |  ) ) ) )
  '  |____| .__|_| |_|_| |_\__, | / / / /
 =========|_|==============|___/=/_/_/_/

 :: Spring Boot ::                (v3.3.5)

2026-08-19T03:21:19.229+09:00  INFO 60256 --- [mxis-server] [    Test worker] c.m.s.p.c.ProductControllerTest          : Starting ProductControllerTest using Java 17.0.17 with PID 60256 (started by minu in /Users/minu/IdeaProjects/MXIS-server)
2026-08-19T03:21:19.229+09:00 DEBUG 60256 --- [mxis-server] [    Test worker] c.m.s.p.c.ProductControllerTest          : Running with Spring Boot v3.3.5, Spring v6.1.14
2026-08-19T03:21:19.229+09:00  INFO 60256 --- [mxis-server] [    Test worker] c.m.s.p.c.ProductControllerTest          : The following 1 profile is active: "local"
2026-08-19T03:21:19.299+09:00  WARN 60256 --- [mxis-server] [    Test worker] .s.s.UserDetailsServiceAutoConfiguration : 

Using generated security password: 5334c0b8-81b7-4c07-840f-2201cd2319b8

This generated password is for development use only. Your security configuration must be updated before running your application in production.

2026-08-19T03:21:19.299+09:00  INFO 60256 --- [mxis-server] [    Test worker] r$InitializeUserDetailsManagerConfigurer : Global AuthenticationManager configured with UserDetailsService bean with name inMemoryUserDetailsManager
2026-08-19T03:21:19.323+09:00 DEBUG 60256 --- [mxis-server] [    Test worker] c.m.s.c.s.JwtAuthenticationFilter        : Filter 'jwtAuthenticationFilter' configured for use
2026-08-19T03:21:19.323+09:00  INFO 60256 --- [mxis-server] [    Test worker] o.s.b.t.m.w.SpringBootMockServletContext : Initializing Spring TestDispatcherServlet ''
2026-08-19T03:21:19.323+09:00  INFO 60256 --- [mxis-server] [    Test worker] o.s.t.web.servlet.TestDispatcherServlet  : Initializing Servlet ''
2026-08-19T03:21:19.324+09:00  INFO 60256 --- [mxis-server] [    Test worker] o.s.t.web.servlet.TestDispatcherServlet  : Completed initialization in 1 ms
2026-08-19T03:21:19.326+09:00  INFO 60256 --- [mxis-server] [    Test worker] c.m.s.p.c.ProductControllerTest          : Started ProductControllerTest in 0.103 seconds (process running for 3.547)
2026-08-19T03:21:19.332+09:00  WARN 60256 --- [mxis-server] [    Test worker] c.m.s.c.e.GlobalExceptionHandler         : BusinessException: DPP 코드를 인식할 수 없습니다.
2026-08-19T03:21:19.338+09:00  WARN 60256 --- [mxis-server] [    Test worker] c.m.s.c.e.GlobalExceptionHandler         : BusinessException: 제품 정보를 찾을 수 없습니다.
2026-08-19T03:21:19.350+09:00  WARN 60256 --- [mxis-server] [    Test worker] c.m.s.c.e.GlobalExceptionHandler         : BusinessException: 본인 소유의 제품이 아닙니다.
]]></system-out>
  <system-err><![CDATA[]]></system-err>
</testsuite>
