<?xml version="1.0" encoding="UTF-8"?>
<testsuite name="com.mxis.server.care.controller.CareSuggestionControllerTest" tests="5" skipped="0" failures="0" errors="0" timestamp="2026-08-17T06:46:52" hostname="minuui-MacBookAir.local" time="0.017">
  <properties/>
  <testcase name="getSuggestion_notOwned_returns403()" classname="com.mxis.server.care.controller.CareSuggestionControllerTest" time="0.005"/>
  <testcase name="markRead_success_returnsIdAndFlag()" classname="com.mxis.server.care.controller.CareSuggestionControllerTest" time="0.004"/>
  <testcase name="getSuggestion_success_marksReadInResponse()" classname="com.mxis.server.care.controller.CareSuggestionControllerTest" time="0.004"/>
  <testcase name="markRead_notFound_returns404()" classname="com.mxis.server.care.controller.CareSuggestionControllerTest" time="0.003"/>
  <testcase name="markRead_requiresAuth_returns401WithoutToken()" classname="com.mxis.server.care.controller.CareSuggestionControllerTest" time="0.001"/>
  <system-out><![CDATA[2026-08-17T15:46:52.122+09:00  INFO 71628 --- [mxis-server] [    Test worker] t.c.s.AnnotationConfigContextLoaderUtils : Could not detect default configuration classes for test class [com.mxis.server.care.controller.CareSuggestionControllerTest]: CareSuggestionControllerTest does not declare any static, non-private, non-final, nested classes annotated with @Configuration.
2026-08-17T15:46:52.125+09:00  INFO 71628 --- [mxis-server] [    Test worker] .b.t.c.SpringBootTestContextBootstrapper : Found @SpringBootConfiguration com.mxis.server.MxisServerApplication for test class com.mxis.server.care.controller.CareSuggestionControllerTest

  .   ____          _            __ _ _
 /\\ / ___'_ __ _ _(_)_ __  __ _ \ \ \ \
( ( )\___ | '_ | '_| | '_ \/ _` | \ \ \ \
 \\/  ___)| |_)| | | | | || (_| |  ) ) ) )
  '  |____| .__|_| |_|_| |_\__, | / / / /
 =========|_|==============|___/=/_/_/_/

 :: Spring Boot ::                (v3.3.5)

2026-08-17T15:46:52.132+09:00  INFO 71628 --- [mxis-server] [    Test worker] c.m.s.c.c.CareSuggestionControllerTest   : Starting CareSuggestionControllerTest using Java 17.0.17 with PID 71628 (started by minu in /Users/minu/IdeaProjects/MXIS-server)
2026-08-17T15:46:52.133+09:00 DEBUG 71628 --- [mxis-server] [    Test worker] c.m.s.c.c.CareSuggestionControllerTest   : Running with Spring Boot v3.3.5, Spring v6.1.14
2026-08-17T15:46:52.133+09:00  INFO 71628 --- [mxis-server] [    Test worker] c.m.s.c.c.CareSuggestionControllerTest   : The following 1 profile is active: "local"
2026-08-17T15:46:52.196+09:00  WARN 71628 --- [mxis-server] [    Test worker] .s.s.UserDetailsServiceAutoConfiguration : 

Using generated security password: 0b635618-4f4d-4389-91d1-d7a3a4f64726

This generated password is for development use only. Your security configuration must be updated before running your application in production.

2026-08-17T15:46:52.196+09:00  INFO 71628 --- [mxis-server] [    Test worker] r$InitializeUserDetailsManagerConfigurer : Global AuthenticationManager configured with UserDetailsService bean with name inMemoryUserDetailsManager
2026-08-17T15:46:52.219+09:00 DEBUG 71628 --- [mxis-server] [    Test worker] c.m.s.c.s.JwtAuthenticationFilter        : Filter 'jwtAuthenticationFilter' configured for use
2026-08-17T15:46:52.219+09:00  INFO 71628 --- [mxis-server] [    Test worker] o.s.b.t.m.w.SpringBootMockServletContext : Initializing Spring TestDispatcherServlet ''
2026-08-17T15:46:52.219+09:00  INFO 71628 --- [mxis-server] [    Test worker] o.s.t.web.servlet.TestDispatcherServlet  : Initializing Servlet ''
2026-08-17T15:46:52.219+09:00  INFO 71628 --- [mxis-server] [    Test worker] o.s.t.web.servlet.TestDispatcherServlet  : Completed initialization in 0 ms
2026-08-17T15:46:52.222+09:00  INFO 71628 --- [mxis-server] [    Test worker] c.m.s.c.c.CareSuggestionControllerTest   : Started CareSuggestionControllerTest in 0.095 seconds (process running for 2.468)
2026-08-17T15:46:52.226+09:00  WARN 71628 --- [mxis-server] [    Test worker] c.m.s.c.e.GlobalExceptionHandler         : BusinessException: 본인 제품의 제안이 아닙니다.
2026-08-17T15:46:52.237+09:00  WARN 71628 --- [mxis-server] [    Test worker] c.m.s.c.e.GlobalExceptionHandler         : BusinessException: 제안 정보를 찾을 수 없습니다.
]]></system-out>
  <system-err><![CDATA[]]></system-err>
</testsuite>
