<?xml version="1.0" encoding="UTF-8"?>
<testsuite name="com.mxis.server.home.service.HomeServiceTest" tests="4" skipped="0" failures="0" errors="0" timestamp="2026-08-18T15:10:08" hostname="minuui-MacBookAir.local" time="0.315">
  <properties/>
  <testcase name="toScore_mapsGradeTo25PercentSteps()" classname="com.mxis.server.home.service.HomeServiceTest" time="0.007"/>
  <testcase name="noReport_meansCollecting()" classname="com.mxis.server.home.service.HomeServiceTest" time="0.002"/>
  <testcase name="reportExistsButDeviceStale_meansNeedsUpdate()" classname="com.mxis.server.home.service.HomeServiceTest" time="0.305"/>
  <testcase name="reportFreshAndDeviceSynced_meansNormalWithScore()" classname="com.mxis.server.home.service.HomeServiceTest" time="0.001"/>
  <system-out><![CDATA[]]></system-out>
  <system-err><![CDATA[]]></system-err>
</testsuite>
