<?xml version="1.0" encoding="UTF-8"?>
<testsuite name="com.mxis.server.product.controller.ProductDeviceControllerTest" tests="7" skipped="0" failures="0" errors="0" timestamp="2026-08-18T18:21:19" hostname="minuui-MacBookAir.local" time="0.023">
  <properties/>
  <testcase name="promoteToPrimary_success_returns200()" classname="com.mxis.server.product.controller.ProductDeviceControllerTest" time="0.005"/>
  <testcase name="getLinkedDevices_success_returnsList()" classname="com.mxis.server.product.controller.ProductDeviceControllerTest" time="0.002"/>
  <testcase name="unlink_success_returns204()" classname="com.mxis.server.product.controller.ProductDeviceControllerTest" time="0.002"/>
  <testcase name="link_missingDeviceId_returns400()" classname="com.mxis.server.product.controller.ProductDeviceControllerTest" time="0.004"/>
  <testcase name="link_success_returns201()" classname="com.mxis.server.product.controller.ProductDeviceControllerTest" time="0.003"/>
  <testcase name="link_alreadyLinked_returns409()" classname="com.mxis.server.product.controller.ProductDeviceControllerTest" time="0.002"/>
  <testcase name="unlink_notFound_returns404()" classname="com.mxis.server.product.controller.ProductDeviceControllerTest" time="0.002"/>
  <system-out><![CDATA[2026-08-19T03:21:19.367+09:00  INFO 60256 --- [mxis-server] [    Test worker] t.c.s.AnnotationConfigContextLoaderUtils : Could not detect default configuration classes for test class [com.mxis.server.product.controller.ProductDeviceControllerTest]: ProductDeviceControllerTest does not declare any static, non-private, non-final, nested classes annotated with @Configuration.
2026-08-19T03:21:19.369+09:00  INFO 60256 --- [mxis-server] [    Test worker] .b.t.c.SpringBootTestContextBootstrapper : Found @SpringBootConfiguration com.mxis.server.MxisServerApplication for test class com.mxis.server.product.controller.ProductDeviceControllerTest

  .   ____          _            __ _ _
 /\\ / ___'_ __ _ _(_)_ __  __ _ \ \ \ \
( ( )\___ | '_ | '_| | '_ \/ _` | \ \ \ \
 \\/  ___)| |_)| | | | | || (_| |  ) ) ) )
  '  |____| .__|_| |_|_| |_\__, | / / / /
 =========|_|==============|___/=/_/_/_/

 :: Spring Boot ::                (v3.3.5)

2026-08-19T03:21:19.376+09:00  INFO 60256 --- [mxis-server] [    Test worker] c.m.s.p.c.ProductDeviceControllerTest    : Starting ProductDeviceControllerTest using Java 17.0.17 with PID 60256 (started by minu in /Users/minu/IdeaProjects/MXIS-server)
2026-08-19T03:21:19.376+09:00 DEBUG 60256 --- [mxis-server] [    Test worker] c.m.s.p.c.ProductDeviceControllerTest    : Running with Spring Boot v3.3.5, Spring v6.1.14
2026-08-19T03:21:19.376+09:00  INFO 60256 --- [mxis-server] [    Test worker] c.m.s.p.c.ProductDeviceControllerTest    : The following 1 profile is active: "local"
2026-08-19T03:21:19.447+09:00  WARN 60256 --- [mxis-server] [    Test worker] .s.s.UserDetailsServiceAutoConfiguration : 

Using generated security password: 64e5e178-52b2-4048-857a-4bbc9e3d318b

This generated password is for development use only. Your security configuration must be updated before running your application in production.

2026-08-19T03:21:19.447+09:00  INFO 60256 --- [mxis-server] [    Test worker] r$InitializeUserDetailsManagerConfigurer : Global AuthenticationManager configured with UserDetailsService bean with name inMemoryUserDetailsManager
2026-08-19T03:21:19.468+09:00 DEBUG 60256 --- [mxis-server] [    Test worker] c.m.s.c.s.JwtAuthenticationFilter        : Filter 'jwtAuthenticationFilter' configured for use
2026-08-19T03:21:19.468+09:00  INFO 60256 --- [mxis-server] [    Test worker] o.s.b.t.m.w.SpringBootMockServletContext : Initializing Spring TestDispatcherServlet ''
2026-08-19T03:21:19.469+09:00  INFO 60256 --- [mxis-server] [    Test worker] o.s.t.web.servlet.TestDispatcherServlet  : Initializing Servlet ''
2026-08-19T03:21:19.469+09:00  INFO 60256 --- [mxis-server] [    Test worker] o.s.t.web.servlet.TestDispatcherServlet  : Completed initialization in 0 ms
2026-08-19T03:21:19.471+09:00  INFO 60256 --- [mxis-server] [    Test worker] c.m.s.p.c.ProductDeviceControllerTest    : Started ProductDeviceControllerTest in 0.101 seconds (process running for 3.692)
2026-08-19T03:21:19.492+09:00  WARN 60256 --- [mxis-server] [    Test worker] c.m.s.c.e.GlobalExceptionHandler         : BusinessException: 이미 해당 제품에 연결된 기기입니다.
2026-08-19T03:21:19.495+09:00  WARN 60256 --- [mxis-server] [    Test worker] c.m.s.c.e.GlobalExceptionHandler         : BusinessException: 제품-기기 연결 정보를 찾을 수 없습니다.
]]></system-out>
  <system-err><![CDATA[]]></system-err>
</testsuite>
