<?xml version="1.0" encoding="UTF-8"?>
<testsuite name="com.mxis.server.device.controller.DeviceManagementControllerTest" tests="3" skipped="0" failures="0" errors="0" timestamp="2026-08-18T18:21:18" hostname="minuui-MacBookAir.local" time="0.014">
  <properties/>
  <testcase name="getSummary_success_returnsDeviceManagementFields()" classname="com.mxis.server.device.controller.DeviceManagementControllerTest" time="0.006"/>
  <testcase name="getSummary_requiresAuth_returns401WithoutToken()" classname="com.mxis.server.device.controller.DeviceManagementControllerTest" time="0.001"/>
  <testcase name="getProductSummary_success_returnsSelectedProductDeviceManagementFields()" classname="com.mxis.server.device.controller.DeviceManagementControllerTest" time="0.006"/>
  <system-out><![CDATA[2026-08-19T03:21:18.577+09:00  INFO 60256 --- [mxis-server] [    Test worker] t.c.s.AnnotationConfigContextLoaderUtils : Could not detect default configuration classes for test class [com.mxis.server.device.controller.DeviceManagementControllerTest]: DeviceManagementControllerTest does not declare any static, non-private, non-final, nested classes annotated with @Configuration.
2026-08-19T03:21:18.579+09:00  INFO 60256 --- [mxis-server] [    Test worker] .b.t.c.SpringBootTestContextBootstrapper : Found @SpringBootConfiguration com.mxis.server.MxisServerApplication for test class com.mxis.server.device.controller.DeviceManagementControllerTest

  .   ____          _            __ _ _
 /\\ / ___'_ __ _ _(_)_ __  __ _ \ \ \ \
( ( )\___ | '_ | '_| | '_ \/ _` | \ \ \ \
 \\/  ___)| |_)| | | | | || (_| |  ) ) ) )
  '  |____| .__|_| |_|_| |_\__, | / / / /
 =========|_|==============|___/=/_/_/_/

 :: Spring Boot ::                (v3.3.5)

2026-08-19T03:21:18.587+09:00  INFO 60256 --- [mxis-server] [    Test worker] c.m.s.d.c.DeviceManagementControllerTest : Starting DeviceManagementControllerTest using Java 17.0.17 with PID 60256 (started by minu in /Users/minu/IdeaProjects/MXIS-server)
2026-08-19T03:21:18.588+09:00 DEBUG 60256 --- [mxis-server] [    Test worker] c.m.s.d.c.DeviceManagementControllerTest : Running with Spring Boot v3.3.5, Spring v6.1.14
2026-08-19T03:21:18.588+09:00  INFO 60256 --- [mxis-server] [    Test worker] c.m.s.d.c.DeviceManagementControllerTest : The following 1 profile is active: "local"
2026-08-19T03:21:18.677+09:00  WARN 60256 --- [mxis-server] [    Test worker] .s.s.UserDetailsServiceAutoConfiguration : 

Using generated security password: d260df79-d5bc-45f7-ae56-de37a696c972

This generated password is for development use only. Your security configuration must be updated before running your application in production.

2026-08-19T03:21:18.678+09:00  INFO 60256 --- [mxis-server] [    Test worker] r$InitializeUserDetailsManagerConfigurer : Global AuthenticationManager configured with UserDetailsService bean with name inMemoryUserDetailsManager
2026-08-19T03:21:18.700+09:00 DEBUG 60256 --- [mxis-server] [    Test worker] c.m.s.c.s.JwtAuthenticationFilter        : Filter 'jwtAuthenticationFilter' configured for use
2026-08-19T03:21:18.701+09:00  INFO 60256 --- [mxis-server] [    Test worker] o.s.b.t.m.w.SpringBootMockServletContext : Initializing Spring TestDispatcherServlet ''
2026-08-19T03:21:18.701+09:00  INFO 60256 --- [mxis-server] [    Test worker] o.s.t.web.servlet.TestDispatcherServlet  : Initializing Servlet ''
2026-08-19T03:21:18.701+09:00  INFO 60256 --- [mxis-server] [    Test worker] o.s.t.web.servlet.TestDispatcherServlet  : Completed initialization in 0 ms
2026-08-19T03:21:18.704+09:00  INFO 60256 --- [mxis-server] [    Test worker] c.m.s.d.c.DeviceManagementControllerTest : Started DeviceManagementControllerTest in 0.124 seconds (process running for 2.925)
]]></system-out>
  <system-err><![CDATA[]]></system-err>
</testsuite>
