<?xml version="1.0" encoding="UTF-8"?>
<testsuite name="com.mxis.server.care.controller.CareDiagnosisControllerTest" tests="9" skipped="0" failures="0" errors="0" timestamp="2026-08-18T15:10:07" hostname="minuui-MacBookAir.local" time="0.052">
  <properties/>
  <testcase name="getCareDashboard_noDiagnosisData_returns409()" classname="com.mxis.server.care.controller.CareDiagnosisControllerTest" time="0.006"/>
  <testcase name="getSensorSummary_thirtyDays_returnsTotalsNotMonthlyAverages()" classname="com.mxis.server.care.controller.CareDiagnosisControllerTest" time="0.005"/>
  <testcase name="getSensorSummary_oneYearWithoutHistory_returnsMonthlyAveragesAndSpecialText()" classname="com.mxis.server.care.controller.CareDiagnosisControllerTest" time="0.003"/>
  <testcase name="getCareDashboard_success_returnsGradeAndLabels()" classname="com.mxis.server.care.controller.CareDiagnosisControllerTest" time="0.005"/>
  <testcase name="getSensorSummary_invalidPeriod_returns400()" classname="com.mxis.server.care.controller.CareDiagnosisControllerTest" time="0.004"/>
  <testcase name="getActiveSuggestion_none_returns200WithoutDataField()" classname="com.mxis.server.care.controller.CareDiagnosisControllerTest" time="0.005"/>
  <testcase name="getCareDashboard_requiresAuth_returns401WithoutToken()" classname="com.mxis.server.care.controller.CareDiagnosisControllerTest" time="0.005"/>
  <testcase name="getActiveSuggestion_exists_returnsSuggestion()" classname="com.mxis.server.care.controller.CareDiagnosisControllerTest" time="0.006"/>
  <testcase name="getLatestReport_success_mixesStoredSnapshotAndLiveFields()" classname="com.mxis.server.care.controller.CareDiagnosisControllerTest" time="0.009"/>
  <system-out><![CDATA[2026-08-19T00:10:07.085+09:00  INFO 48901 --- [mxis-server] [    Test worker] t.c.s.AnnotationConfigContextLoaderUtils : Could not detect default configuration classes for test class [com.mxis.server.care.controller.CareDiagnosisControllerTest]: CareDiagnosisControllerTest does not declare any static, non-private, non-final, nested classes annotated with @Configuration.
2026-08-19T00:10:07.088+09:00  INFO 48901 --- [mxis-server] [    Test worker] .b.t.c.SpringBootTestContextBootstrapper : Found @SpringBootConfiguration com.mxis.server.MxisServerApplication for test class com.mxis.server.care.controller.CareDiagnosisControllerTest

  .   ____          _            __ _ _
 /\\ / ___'_ __ _ _(_)_ __  __ _ \ \ \ \
( ( )\___ | '_ | '_| | '_ \/ _` | \ \ \ \
 \\/  ___)| |_)| | | | | || (_| |  ) ) ) )
  '  |____| .__|_| |_|_| |_\__, | / / / /
 =========|_|==============|___/=/_/_/_/

 :: Spring Boot ::                (v3.3.5)

2026-08-19T00:10:07.098+09:00  INFO 48901 --- [mxis-server] [    Test worker] c.m.s.c.c.CareDiagnosisControllerTest    : Starting CareDiagnosisControllerTest using Java 17.0.17 with PID 48901 (started by minu in /Users/minu/IdeaProjects/MXIS-server)
2026-08-19T00:10:07.098+09:00 DEBUG 48901 --- [mxis-server] [    Test worker] c.m.s.c.c.CareDiagnosisControllerTest    : Running with Spring Boot v3.3.5, Spring v6.1.14
2026-08-19T00:10:07.098+09:00  INFO 48901 --- [mxis-server] [    Test worker] c.m.s.c.c.CareDiagnosisControllerTest    : The following 1 profile is active: "local"
2026-08-19T00:10:07.179+09:00  WARN 48901 --- [mxis-server] [    Test worker] .s.s.UserDetailsServiceAutoConfiguration : 

Using generated security password: 16dc7221-12ba-4b3c-a558-6a33480476c0

This generated password is for development use only. Your security configuration must be updated before running your application in production.

2026-08-19T00:10:07.179+09:00  INFO 48901 --- [mxis-server] [    Test worker] r$InitializeUserDetailsManagerConfigurer : Global AuthenticationManager configured with UserDetailsService bean with name inMemoryUserDetailsManager
2026-08-19T00:10:07.210+09:00 DEBUG 48901 --- [mxis-server] [    Test worker] c.m.s.c.s.JwtAuthenticationFilter        : Filter 'jwtAuthenticationFilter' configured for use
2026-08-19T00:10:07.210+09:00  INFO 48901 --- [mxis-server] [    Test worker] o.s.b.t.m.w.SpringBootMockServletContext : Initializing Spring TestDispatcherServlet ''
2026-08-19T00:10:07.210+09:00  INFO 48901 --- [mxis-server] [    Test worker] o.s.t.web.servlet.TestDispatcherServlet  : Initializing Servlet ''
2026-08-19T00:10:07.210+09:00  INFO 48901 --- [mxis-server] [    Test worker] o.s.t.web.servlet.TestDispatcherServlet  : Completed initialization in 0 ms
2026-08-19T00:10:07.216+09:00  INFO 48901 --- [mxis-server] [    Test worker] c.m.s.c.c.CareDiagnosisControllerTest    : Started CareDiagnosisControllerTest in 0.126 seconds (process running for 2.695)
2026-08-19T00:10:07.221+09:00  WARN 48901 --- [mxis-server] [    Test worker] c.m.s.c.e.GlobalExceptionHandler         : BusinessException: 아직 진단 데이터가 없습니다.
2026-08-19T00:10:07.242+09:00  WARN 48901 --- [mxis-server] [    Test worker] c.m.s.c.e.GlobalExceptionHandler         : BusinessException: period는 7D·30D·1Y 중 하나여야 합니다.
]]></system-out>
  <system-err><![CDATA[]]></system-err>
</testsuite>
