<?xml version="1.0" encoding="UTF-8"?>
<testsuite name="com.mxis.server.notification.controller.NotificationControllerTest" tests="6" skipped="0" failures="0" errors="0" timestamp="2026-08-17T06:46:52" hostname="minuui-MacBookAir.local" time="0.021">
  <properties/>
  <testcase name="getNotification_success_returnsDetail()" classname="com.mxis.server.notification.controller.NotificationControllerTest" time="0.006"/>
  <testcase name="getNotifications_requiresAuth_returns401WithoutToken()" classname="com.mxis.server.notification.controller.NotificationControllerTest" time="0.001"/>
  <testcase name="getNotifications_success_returnsPagedList()" classname="com.mxis.server.notification.controller.NotificationControllerTest" time="0.004"/>
  <testcase name="unreadCount_success_returnsCount()" classname="com.mxis.server.notification.controller.NotificationControllerTest" time="0.002"/>
  <testcase name="markRead_success_returnsReadResult()" classname="com.mxis.server.notification.controller.NotificationControllerTest" time="0.002"/>
  <testcase name="markAllRead_success_returnsUnreadCount()" classname="com.mxis.server.notification.controller.NotificationControllerTest" time="0.002"/>
  <system-out><![CDATA[2026-08-17T15:46:52.641+09:00  INFO 71628 --- [mxis-server] [    Test worker] t.c.s.AnnotationConfigContextLoaderUtils : Could not detect default configuration classes for test class [com.mxis.server.notification.controller.NotificationControllerTest]: NotificationControllerTest does not declare any static, non-private, non-final, nested classes annotated with @Configuration.
2026-08-17T15:46:52.652+09:00  INFO 71628 --- [mxis-server] [    Test worker] .b.t.c.SpringBootTestContextBootstrapper : Found @SpringBootConfiguration com.mxis.server.MxisServerApplication for test class com.mxis.server.notification.controller.NotificationControllerTest

  .   ____          _            __ _ _
 /\\ / ___'_ __ _ _(_)_ __  __ _ \ \ \ \
( ( )\___ | '_ | '_| | '_ \/ _` | \ \ \ \
 \\/  ___)| |_)| | | | | || (_| |  ) ) ) )
  '  |____| .__|_| |_|_| |_\__, | / / / /
 =========|_|==============|___/=/_/_/_/

 :: Spring Boot ::                (v3.3.5)

2026-08-17T15:46:52.662+09:00  INFO 71628 --- [mxis-server] [    Test worker] c.m.s.n.c.NotificationControllerTest     : Starting NotificationControllerTest using Java 17.0.17 with PID 71628 (started by minu in /Users/minu/IdeaProjects/MXIS-server)
2026-08-17T15:46:52.662+09:00 DEBUG 71628 --- [mxis-server] [    Test worker] c.m.s.n.c.NotificationControllerTest     : Running with Spring Boot v3.3.5, Spring v6.1.14
2026-08-17T15:46:52.662+09:00  INFO 71628 --- [mxis-server] [    Test worker] c.m.s.n.c.NotificationControllerTest     : The following 1 profile is active: "local"
2026-08-17T15:46:52.787+09:00  WARN 71628 --- [mxis-server] [    Test worker] .s.s.UserDetailsServiceAutoConfiguration : 

Using generated security password: ee195f6c-32b8-490f-a73d-45c6ffe8f664

This generated password is for development use only. Your security configuration must be updated before running your application in production.

2026-08-17T15:46:52.787+09:00  INFO 71628 --- [mxis-server] [    Test worker] r$InitializeUserDetailsManagerConfigurer : Global AuthenticationManager configured with UserDetailsService bean with name inMemoryUserDetailsManager
2026-08-17T15:46:52.810+09:00 DEBUG 71628 --- [mxis-server] [    Test worker] c.m.s.c.s.JwtAuthenticationFilter        : Filter 'jwtAuthenticationFilter' configured for use
2026-08-17T15:46:52.810+09:00  INFO 71628 --- [mxis-server] [    Test worker] o.s.b.t.m.w.SpringBootMockServletContext : Initializing Spring TestDispatcherServlet ''
2026-08-17T15:46:52.810+09:00  INFO 71628 --- [mxis-server] [    Test worker] o.s.t.web.servlet.TestDispatcherServlet  : Initializing Servlet ''
2026-08-17T15:46:52.811+09:00  INFO 71628 --- [mxis-server] [    Test worker] o.s.t.web.servlet.TestDispatcherServlet  : Completed initialization in 1 ms
2026-08-17T15:46:52.814+09:00  INFO 71628 --- [mxis-server] [    Test worker] c.m.s.n.c.NotificationControllerTest     : Started NotificationControllerTest in 0.161 seconds (process running for 3.06)
]]></system-out>
  <system-err><![CDATA[]]></system-err>
</testsuite>
