<?xml version="1.0" encoding="UTF-8"?>
<testsuite name="com.mxis.server.reservation.service.ReservationServiceTest" tests="4" skipped="0" failures="0" errors="0" timestamp="2026-08-18T18:21:19" hostname="minuui-MacBookAir.local" time="0.072">
  <properties/>
  <testcase name="create_sameActiveReservationType_throwsConflict()" classname="com.mxis.server.reservation.service.ReservationServiceTest" time="0.063"/>
  <testcase name="create_freeReservation_isConfirmedImmediately()" classname="com.mxis.server.reservation.service.ReservationServiceTest" time="0.002"/>
  <testcase name="create_paidReservation_waitsForApproval()" classname="com.mxis.server.reservation.service.ReservationServiceTest" time="0.004"/>
  <testcase name="pendingApprovalReservation_canBeCancelled()" classname="com.mxis.server.reservation.service.ReservationServiceTest" time="0.002"/>
  <system-out><![CDATA[]]></system-out>
  <system-err><![CDATA[]]></system-err>
</testsuite>
