<?xml version="1.0" encoding="UTF-8"?>
<testsuite name="com.mxis.server.care.service.CareQueryServiceTest" tests="4" skipped="0" failures="0" errors="0" timestamp="2026-08-18T15:10:07" hostname="minuui-MacBookAir.local" time="0.05">
  <properties/>
  <testcase name="extractTurningPoints_twoOrFewerPointsReturnedAsIs()" classname="com.mxis.server.care.service.CareQueryServiceTest" time="0.048"/>
  <testcase name="extractTurningPoints_keepsOnlyEndsWhenMonotonic()" classname="com.mxis.server.care.service.CareQueryServiceTest" time="0.001"/>
  <testcase name="extractTurningPoints_keepsPeaksAndValleys()" classname="com.mxis.server.care.service.CareQueryServiceTest" time="0.001"/>
  <testcase name="extractTurningPoints_flatRunIsNotATurningPoint()" classname="com.mxis.server.care.service.CareQueryServiceTest" time="0.0"/>
  <system-out><![CDATA[]]></system-out>
  <system-err><![CDATA[]]></system-err>
</testsuite>
