<?xml version="1.0" encoding="UTF-8"?>
<testsuite name="com.mxis.server.user.controller.UserControllerTest" tests="7" skipped="0" failures="0" errors="0" timestamp="2026-08-10T08:11:13" hostname="minuui-MacBookAir.local" time="0.036">
  <properties/>
  <testcase name="getConsents_success_returnsList()" classname="com.mxis.server.user.controller.UserControllerTest" time="0.005"/>
  <testcase name="getNotificationSettings_success()" classname="com.mxis.server.user.controller.UserControllerTest" time="0.002"/>
  <testcase name="updateConsents_emptyList_returns400()" classname="com.mxis.server.user.controller.UserControllerTest" time="0.013"/>
  <testcase name="updateConsents_success_returnsUpdatedList()" classname="com.mxis.server.user.controller.UserControllerTest" time="0.004"/>
  <testcase name="getMe_success_returnsUser()" classname="com.mxis.server.user.controller.UserControllerTest" time="0.003"/>
  <testcase name="updateNotificationSettings_success()" classname="com.mxis.server.user.controller.UserControllerTest" time="0.002"/>
  <testcase name="getMe_withoutToken_returns401()" classname="com.mxis.server.user.controller.UserControllerTest" time="0.002"/>
  <system-out><![CDATA[2026-08-10T17:11:13.100+09:00  INFO 51250 --- [mxis-server] [    Test worker] t.c.s.AnnotationConfigContextLoaderUtils : Could not detect default configuration classes for test class [com.mxis.server.user.controller.UserControllerTest]: UserControllerTest does not declare any static, non-private, non-final, nested classes annotated with @Configuration.
2026-08-10T17:11:13.105+09:00  INFO 51250 --- [mxis-server] [    Test worker] .b.t.c.SpringBootTestContextBootstrapper : Found @SpringBootConfiguration com.mxis.server.MxisServerApplication for test class com.mxis.server.user.controller.UserControllerTest

  .   ____          _            __ _ _
 /\\ / ___'_ __ _ _(_)_ __  __ _ \ \ \ \
( ( )\___ | '_ | '_| | '_ \/ _` | \ \ \ \
 \\/  ___)| |_)| | | | | || (_| |  ) ) ) )
  '  |____| .__|_| |_|_| |_\__, | / / / /
 =========|_|==============|___/=/_/_/_/

 :: Spring Boot ::                (v3.3.5)

2026-08-10T17:11:13.116+09:00  INFO 51250 --- [mxis-server] [    Test worker] c.m.s.u.controller.UserControllerTest    : Starting UserControllerTest using Java 17.0.17 with PID 51250 (started by minu in /Users/minu/IdeaProjects/MXIS-server)
2026-08-10T17:11:13.116+09:00 DEBUG 51250 --- [mxis-server] [    Test worker] c.m.s.u.controller.UserControllerTest    : Running with Spring Boot v3.3.5, Spring v6.1.14
2026-08-10T17:11:13.116+09:00  INFO 51250 --- [mxis-server] [    Test worker] c.m.s.u.controller.UserControllerTest    : The following 1 profile is active: "local"
2026-08-10T17:11:13.204+09:00  WARN 51250 --- [mxis-server] [    Test worker] .s.s.UserDetailsServiceAutoConfiguration : 

Using generated security password: f7e41ed2-70e7-407a-b09b-130f7f4a9088

This generated password is for development use only. Your security configuration must be updated before running your application in production.

2026-08-10T17:11:13.204+09:00  INFO 51250 --- [mxis-server] [    Test worker] r$InitializeUserDetailsManagerConfigurer : Global AuthenticationManager configured with UserDetailsService bean with name inMemoryUserDetailsManager
2026-08-10T17:11:13.224+09:00 DEBUG 51250 --- [mxis-server] [    Test worker] c.m.s.c.s.JwtAuthenticationFilter        : Filter 'jwtAuthenticationFilter' configured for use
2026-08-10T17:11:13.224+09:00  INFO 51250 --- [mxis-server] [    Test worker] o.s.b.t.m.w.SpringBootMockServletContext : Initializing Spring TestDispatcherServlet ''
2026-08-10T17:11:13.224+09:00  INFO 51250 --- [mxis-server] [    Test worker] o.s.t.web.servlet.TestDispatcherServlet  : Initializing Servlet ''
2026-08-10T17:11:13.224+09:00  INFO 51250 --- [mxis-server] [    Test worker] o.s.t.web.servlet.TestDispatcherServlet  : Completed initialization in 0 ms
2026-08-10T17:11:13.226+09:00  INFO 51250 --- [mxis-server] [    Test worker] c.m.s.u.controller.UserControllerTest    : Started UserControllerTest in 0.12 seconds (process running for 2.35)
]]></system-out>
  <system-err><![CDATA[]]></system-err>
</testsuite>
