<?xml version="1.0" encoding="UTF-8"?>
<testsuite name="com.mxis.server.reservation.controller.ReservationControllerTest" tests="10" skipped="0" failures="0" errors="0" timestamp="2026-08-18T16:30:31" hostname="minuui-MacBookAir.local" time="0.035">
  <properties/>
  <testcase name="create_requiresAuth_returns401WithoutToken()" classname="com.mxis.server.reservation.controller.ReservationControllerTest" time="0.004"/>
  <testcase name="getReservation_notOwned_returns403()" classname="com.mxis.server.reservation.controller.ReservationControllerTest" time="0.004"/>
  <testcase name="cancel_success_returns200WithBody()" classname="com.mxis.server.reservation.controller.ReservationControllerTest" time="0.002"/>
  <testcase name="create_pastDate_returns400()" classname="com.mxis.server.reservation.controller.ReservationControllerTest" time="0.007"/>
  <testcase name="create_slotTaken_returns409()" classname="com.mxis.server.reservation.controller.ReservationControllerTest" time="0.002"/>
  <testcase name="create_missingRequiredField_returns400()" classname="com.mxis.server.reservation.controller.ReservationControllerTest" time="0.002"/>
  <testcase name="cancel_notFound_returns404()" classname="com.mxis.server.reservation.controller.ReservationControllerTest" time="0.002"/>
  <testcase name="update_cancelledReservation_returns409()" classname="com.mxis.server.reservation.controller.ReservationControllerTest" time="0.004"/>
  <testcase name="getMyReservations_success_returnsSummaryList()" classname="com.mxis.server.reservation.controller.ReservationControllerTest" time="0.003"/>
  <testcase name="create_success_returns201()" classname="com.mxis.server.reservation.controller.ReservationControllerTest" time="0.003"/>
  <system-out><![CDATA[2026-08-19T01:30:31.226+09:00  INFO 53475 --- [mxis-server] [    Test worker] t.c.s.AnnotationConfigContextLoaderUtils : Could not detect default configuration classes for test class [com.mxis.server.reservation.controller.ReservationControllerTest]: ReservationControllerTest does not declare any static, non-private, non-final, nested classes annotated with @Configuration.
2026-08-19T01:30:31.231+09:00  INFO 53475 --- [mxis-server] [    Test worker] .b.t.c.SpringBootTestContextBootstrapper : Found @SpringBootConfiguration com.mxis.server.MxisServerApplication for test class com.mxis.server.reservation.controller.ReservationControllerTest

  .   ____          _            __ _ _
 /\\ / ___'_ __ _ _(_)_ __  __ _ \ \ \ \
( ( )\___ | '_ | '_| | '_ \/ _` | \ \ \ \
 \\/  ___)| |_)| | | | | || (_| |  ) ) ) )
  '  |____| .__|_| |_|_| |_\__, | / / / /
 =========|_|==============|___/=/_/_/_/

 :: Spring Boot ::                (v3.3.5)

2026-08-19T01:30:31.238+09:00  INFO 53475 --- [mxis-server] [    Test worker] c.m.s.r.c.ReservationControllerTest      : Starting ReservationControllerTest using Java 17.0.17 with PID 53475 (started by minu in /Users/minu/IdeaProjects/MXIS-server)
2026-08-19T01:30:31.238+09:00 DEBUG 53475 --- [mxis-server] [    Test worker] c.m.s.r.c.ReservationControllerTest      : Running with Spring Boot v3.3.5, Spring v6.1.14
2026-08-19T01:30:31.238+09:00  INFO 53475 --- [mxis-server] [    Test worker] c.m.s.r.c.ReservationControllerTest      : The following 1 profile is active: "local"
2026-08-19T01:30:31.307+09:00  WARN 53475 --- [mxis-server] [    Test worker] .s.s.UserDetailsServiceAutoConfiguration : 

Using generated security password: a0b73457-e8c7-4d25-87bb-ffc24b8ede63

This generated password is for development use only. Your security configuration must be updated before running your application in production.

2026-08-19T01:30:31.308+09:00  INFO 53475 --- [mxis-server] [    Test worker] r$InitializeUserDetailsManagerConfigurer : Global AuthenticationManager configured with UserDetailsService bean with name inMemoryUserDetailsManager
2026-08-19T01:30:31.331+09:00 DEBUG 53475 --- [mxis-server] [    Test worker] c.m.s.c.s.JwtAuthenticationFilter        : Filter 'jwtAuthenticationFilter' configured for use
2026-08-19T01:30:31.331+09:00  INFO 53475 --- [mxis-server] [    Test worker] o.s.b.t.m.w.SpringBootMockServletContext : Initializing Spring TestDispatcherServlet ''
2026-08-19T01:30:31.331+09:00  INFO 53475 --- [mxis-server] [    Test worker] o.s.t.web.servlet.TestDispatcherServlet  : Initializing Servlet ''
2026-08-19T01:30:31.331+09:00  INFO 53475 --- [mxis-server] [    Test worker] o.s.t.web.servlet.TestDispatcherServlet  : Completed initialization in 0 ms
2026-08-19T01:30:31.334+09:00  INFO 53475 --- [mxis-server] [    Test worker] c.m.s.r.c.ReservationControllerTest      : Started ReservationControllerTest in 0.102 seconds (process running for 3.557)
2026-08-19T01:30:31.341+09:00  WARN 53475 --- [mxis-server] [    Test worker] c.m.s.c.e.GlobalExceptionHandler         : BusinessException: 본인의 예약이 아닙니다.
2026-08-19T01:30:31.350+09:00  WARN 53475 --- [mxis-server] [    Test worker] c.m.s.c.e.GlobalExceptionHandler         : BusinessException: 지난 날짜로는 예약할 수 없습니다.
2026-08-19T01:30:31.353+09:00  WARN 53475 --- [mxis-server] [    Test worker] c.m.s.c.e.GlobalExceptionHandler         : BusinessException: 이미 예약된 시간대입니다.
2026-08-19T01:30:31.358+09:00  WARN 53475 --- [mxis-server] [    Test worker] c.m.s.c.e.GlobalExceptionHandler         : BusinessException: 예약 정보를 찾을 수 없습니다.
2026-08-19T01:30:31.362+09:00  WARN 53475 --- [mxis-server] [    Test worker] c.m.s.c.e.GlobalExceptionHandler         : BusinessException: 취소되었거나 완료된 예약은 변경할 수 없습니다.
]]></system-out>
  <system-err><![CDATA[]]></system-err>
</testsuite>
