<?xml version="1.0" encoding="UTF-8"?>
<testsuite name="com.mxis.server.onboarding.controller.OnboardingControllerTest" tests="2" skipped="0" failures="0" errors="0" timestamp="2026-08-17T09:15:54" hostname="minuui-MacBookAir.local" time="0.005">
  <properties/>
  <testcase name="getProducts_requiresAuth_returns401WithoutToken()" classname="com.mxis.server.onboarding.controller.OnboardingControllerTest" time="0.002"/>
  <testcase name="getProducts_success_returnsProductSelectionFields()" classname="com.mxis.server.onboarding.controller.OnboardingControllerTest" time="0.003"/>
  <system-out><![CDATA[2026-08-17T18:15:54.213+09:00  INFO 15030 --- [mxis-server] [    Test worker] t.c.s.AnnotationConfigContextLoaderUtils : Could not detect default configuration classes for test class [com.mxis.server.onboarding.controller.OnboardingControllerTest]: OnboardingControllerTest does not declare any static, non-private, non-final, nested classes annotated with @Configuration.
2026-08-17T18:15:54.218+09:00  INFO 15030 --- [mxis-server] [    Test worker] .b.t.c.SpringBootTestContextBootstrapper : Found @SpringBootConfiguration com.mxis.server.MxisServerApplication for test class com.mxis.server.onboarding.controller.OnboardingControllerTest

  .   ____          _            __ _ _
 /\\ / ___'_ __ _ _(_)_ __  __ _ \ \ \ \
( ( )\___ | '_ | '_| | '_ \/ _` | \ \ \ \
 \\/  ___)| |_)| | | | | || (_| |  ) ) ) )
  '  |____| .__|_| |_|_| |_\__, | / / / /
 =========|_|==============|___/=/_/_/_/

 :: Spring Boot ::                (v3.3.5)

2026-08-17T18:15:54.224+09:00  INFO 15030 --- [mxis-server] [    Test worker] c.m.s.o.c.OnboardingControllerTest       : Starting OnboardingControllerTest using Java 17.0.17 with PID 15030 (started by minu in /Users/minu/IdeaProjects/MXIS-server)
2026-08-17T18:15:54.224+09:00 DEBUG 15030 --- [mxis-server] [    Test worker] c.m.s.o.c.OnboardingControllerTest       : Running with Spring Boot v3.3.5, Spring v6.1.14
2026-08-17T18:15:54.224+09:00  INFO 15030 --- [mxis-server] [    Test worker] c.m.s.o.c.OnboardingControllerTest       : The following 1 profile is active: "local"
2026-08-17T18:15:54.292+09:00  WARN 15030 --- [mxis-server] [    Test worker] .s.s.UserDetailsServiceAutoConfiguration : 

Using generated security password: a9061b9d-64ab-407d-9fa1-669c26b5872c

This generated password is for development use only. Your security configuration must be updated before running your application in production.

2026-08-17T18:15:54.292+09:00  INFO 15030 --- [mxis-server] [    Test worker] r$InitializeUserDetailsManagerConfigurer : Global AuthenticationManager configured with UserDetailsService bean with name inMemoryUserDetailsManager
2026-08-17T18:15:54.310+09:00 DEBUG 15030 --- [mxis-server] [    Test worker] c.m.s.c.s.JwtAuthenticationFilter        : Filter 'jwtAuthenticationFilter' configured for use
2026-08-17T18:15:54.310+09:00  INFO 15030 --- [mxis-server] [    Test worker] o.s.b.t.m.w.SpringBootMockServletContext : Initializing Spring TestDispatcherServlet ''
2026-08-17T18:15:54.310+09:00  INFO 15030 --- [mxis-server] [    Test worker] o.s.t.web.servlet.TestDispatcherServlet  : Initializing Servlet ''
2026-08-17T18:15:54.310+09:00  INFO 15030 --- [mxis-server] [    Test worker] o.s.t.web.servlet.TestDispatcherServlet  : Completed initialization in 0 ms
2026-08-17T18:15:54.313+09:00  INFO 15030 --- [mxis-server] [    Test worker] c.m.s.o.c.OnboardingControllerTest       : Started OnboardingControllerTest in 0.094 seconds (process running for 2.567)
]]></system-out>
  <system-err><![CDATA[]]></system-err>
</testsuite>
