<?xml version="1.0" encoding="UTF-8"?>
<testsuite name="com.mxis.server.auth.controller.AuthControllerTest" tests="12" skipped="0" failures="0" errors="0" timestamp="2026-08-10T08:11:12" hostname="minuui-MacBookAir.local" time="0.182">
  <properties/>
  <testcase name="logout_withoutToken_returns401()" classname="com.mxis.server.auth.controller.AuthControllerTest" time="0.04"/>
  <testcase name="logout_withValidToken_returns200()" classname="com.mxis.server.auth.controller.AuthControllerTest" time="0.054"/>
  <testcase name="signup_emailAlreadyExists_returns409()" classname="com.mxis.server.auth.controller.AuthControllerTest" time="0.048"/>
  <testcase name="refresh_success_returnsNewTokens()" classname="com.mxis.server.auth.controller.AuthControllerTest" time="0.005"/>
  <testcase name="signup_invalidEmail_returns400()" classname="com.mxis.server.auth.controller.AuthControllerTest" time="0.007"/>
  <testcase name="refresh_invalidToken_returns401()" classname="com.mxis.server.auth.controller.AuthControllerTest" time="0.003"/>
  <testcase name="login_success_returnsTokens()" classname="com.mxis.server.auth.controller.AuthControllerTest" time="0.004"/>
  <testcase name="kakaoLogin_blankAccessToken_returns400()" classname="com.mxis.server.auth.controller.AuthControllerTest" time="0.003"/>
  <testcase name="kakaoLogin_success_returnsTokens()" classname="com.mxis.server.auth.controller.AuthControllerTest" time="0.003"/>
  <testcase name="signup_success_returns201()" classname="com.mxis.server.auth.controller.AuthControllerTest" time="0.002"/>
  <testcase name="kakaoLogin_invalidKakaoToken_returns401()" classname="com.mxis.server.auth.controller.AuthControllerTest" time="0.002"/>
  <testcase name="login_invalidCredentials_returns401()" classname="com.mxis.server.auth.controller.AuthControllerTest" time="0.003"/>
  <system-out><![CDATA[17:11:11.214 [Test worker] INFO org.springframework.test.context.support.AnnotationConfigContextLoaderUtils -- Could not detect default configuration classes for test class [com.mxis.server.auth.controller.AuthControllerTest]: AuthControllerTest does not declare any static, non-private, non-final, nested classes annotated with @Configuration.
17:11:11.268 [Test worker] INFO org.springframework.boot.test.context.SpringBootTestContextBootstrapper -- Found @SpringBootConfiguration com.mxis.server.MxisServerApplication for test class com.mxis.server.auth.controller.AuthControllerTest

  .   ____          _            __ _ _
 /\\ / ___'_ __ _ _(_)_ __  __ _ \ \ \ \
( ( )\___ | '_ | '_| | '_ \/ _` | \ \ \ \
 \\/  ___)| |_)| | | | | || (_| |  ) ) ) )
  '  |____| .__|_| |_|_| |_\__, | / / / /
 =========|_|==============|___/=/_/_/_/

 :: Spring Boot ::                (v3.3.5)

2026-08-10T17:11:11.405+09:00  INFO 51250 --- [mxis-server] [    Test worker] c.m.s.a.controller.AuthControllerTest    : Starting AuthControllerTest using Java 17.0.17 with PID 51250 (started by minu in /Users/minu/IdeaProjects/MXIS-server)
2026-08-10T17:11:11.405+09:00 DEBUG 51250 --- [mxis-server] [    Test worker] c.m.s.a.controller.AuthControllerTest    : Running with Spring Boot v3.3.5, Spring v6.1.14
2026-08-10T17:11:11.405+09:00  INFO 51250 --- [mxis-server] [    Test worker] c.m.s.a.controller.AuthControllerTest    : The following 1 profile is active: "local"
2026-08-10T17:11:12.092+09:00  WARN 51250 --- [mxis-server] [    Test worker] .s.s.UserDetailsServiceAutoConfiguration : 

Using generated security password: c1eba070-cd66-44d8-9cfd-ec58f301e69b

This generated password is for development use only. Your security configuration must be updated before running your application in production.

2026-08-10T17:11:12.095+09:00  INFO 51250 --- [mxis-server] [    Test worker] r$InitializeUserDetailsManagerConfigurer : Global AuthenticationManager configured with UserDetailsService bean with name inMemoryUserDetailsManager
2026-08-10T17:11:12.264+09:00 DEBUG 51250 --- [mxis-server] [    Test worker] c.m.s.c.s.JwtAuthenticationFilter        : Filter 'jwtAuthenticationFilter' configured for use
2026-08-10T17:11:12.266+09:00  INFO 51250 --- [mxis-server] [    Test worker] o.s.b.t.m.w.SpringBootMockServletContext : Initializing Spring TestDispatcherServlet ''
2026-08-10T17:11:12.266+09:00  INFO 51250 --- [mxis-server] [    Test worker] o.s.t.web.servlet.TestDispatcherServlet  : Initializing Servlet ''
2026-08-10T17:11:12.266+09:00  INFO 51250 --- [mxis-server] [    Test worker] o.s.t.web.servlet.TestDispatcherServlet  : Completed initialization in 0 ms
2026-08-10T17:11:12.280+09:00  INFO 51250 --- [mxis-server] [    Test worker] c.m.s.a.controller.AuthControllerTest    : Started AuthControllerTest in 0.981 seconds (process running for 1.404)
2026-08-10T17:11:12.427+09:00  WARN 51250 --- [mxis-server] [    Test worker] c.m.s.c.e.GlobalExceptionHandler         : BusinessException: 이미 가입된 이메일입니다.
2026-08-10T17:11:12.447+09:00  WARN 51250 --- [mxis-server] [    Test worker] c.m.s.c.e.GlobalExceptionHandler         : BusinessException: 유효하지 않거나 만료된 토큰입니다.
2026-08-10T17:11:12.465+09:00  WARN 51250 --- [mxis-server] [    Test worker] c.m.s.c.e.GlobalExceptionHandler         : BusinessException: 카카오 인증에 실패했습니다.
2026-08-10T17:11:12.468+09:00  WARN 51250 --- [mxis-server] [    Test worker] c.m.s.c.e.GlobalExceptionHandler         : BusinessException: 이메일 또는 비밀번호가 올바르지 않습니다.
]]></system-out>
  <system-err><![CDATA[]]></system-err>
</testsuite>
