<?xml version="1.0" encoding="UTF-8"?>
<testsuite name="com.mxis.server.auth.controller.AuthControllerTest" tests="6" skipped="0" failures="0" errors="0" timestamp="2026-08-18T15:10:06" hostname="minuui-MacBookAir.local" time="0.348">
  <properties/>
  <testcase name="logout_withoutToken_returns401()" classname="com.mxis.server.auth.controller.AuthControllerTest" time="0.086"/>
  <testcase name="logout_withValidToken_returns200()" classname="com.mxis.server.auth.controller.AuthControllerTest" time="0.136"/>
  <testcase name="refresh_success_returnsNewTokens()" classname="com.mxis.server.auth.controller.AuthControllerTest" time="0.079"/>
  <testcase name="refresh_invalidToken_returns401()" classname="com.mxis.server.auth.controller.AuthControllerTest" time="0.012"/>
  <testcase name="login_success_returnsTokens()" classname="com.mxis.server.auth.controller.AuthControllerTest" time="0.025"/>
  <testcase name="login_invalidCredentials_returns401()" classname="com.mxis.server.auth.controller.AuthControllerTest" time="0.004"/>
  <system-out><![CDATA[00:10:04.911 [Test worker] INFO org.springframework.test.context.support.AnnotationConfigContextLoaderUtils -- Could not detect default configuration classes for test class [com.mxis.server.auth.controller.AuthControllerTest]: AuthControllerTest does not declare any static, non-private, non-final, nested classes annotated with @Configuration.
00:10:04.981 [Test worker] INFO org.springframework.boot.test.context.SpringBootTestContextBootstrapper -- Found @SpringBootConfiguration com.mxis.server.MxisServerApplication for test class com.mxis.server.auth.controller.AuthControllerTest

  .   ____          _            __ _ _
 /\\ / ___'_ __ _ _(_)_ __  __ _ \ \ \ \
( ( )\___ | '_ | '_| | '_ \/ _` | \ \ \ \
 \\/  ___)| |_)| | | | | || (_| |  ) ) ) )
  '  |____| .__|_| |_|_| |_\__, | / / / /
 =========|_|==============|___/=/_/_/_/

 :: Spring Boot ::                (v3.3.5)

2026-08-19T00:10:05.134+09:00  INFO 48901 --- [mxis-server] [    Test worker] c.m.s.a.controller.AuthControllerTest    : Starting AuthControllerTest using Java 17.0.17 with PID 48901 (started by minu in /Users/minu/IdeaProjects/MXIS-server)
2026-08-19T00:10:05.135+09:00 DEBUG 48901 --- [mxis-server] [    Test worker] c.m.s.a.controller.AuthControllerTest    : Running with Spring Boot v3.3.5, Spring v6.1.14
2026-08-19T00:10:05.135+09:00  INFO 48901 --- [mxis-server] [    Test worker] c.m.s.a.controller.AuthControllerTest    : The following 1 profile is active: "local"
2026-08-19T00:10:05.920+09:00  WARN 48901 --- [mxis-server] [    Test worker] .s.s.UserDetailsServiceAutoConfiguration : 

Using generated security password: cee51f7c-12f4-4f53-9035-7e6ed915acca

This generated password is for development use only. Your security configuration must be updated before running your application in production.

2026-08-19T00:10:05.923+09:00  INFO 48901 --- [mxis-server] [    Test worker] r$InitializeUserDetailsManagerConfigurer : Global AuthenticationManager configured with UserDetailsService bean with name inMemoryUserDetailsManager
2026-08-19T00:10:06.217+09:00 DEBUG 48901 --- [mxis-server] [    Test worker] c.m.s.c.s.JwtAuthenticationFilter        : Filter 'jwtAuthenticationFilter' configured for use
2026-08-19T00:10:06.231+09:00  INFO 48901 --- [mxis-server] [    Test worker] o.s.b.t.m.w.SpringBootMockServletContext : Initializing Spring TestDispatcherServlet ''
2026-08-19T00:10:06.233+09:00  INFO 48901 --- [mxis-server] [    Test worker] o.s.t.web.servlet.TestDispatcherServlet  : Initializing Servlet ''
2026-08-19T00:10:06.242+09:00  INFO 48901 --- [mxis-server] [    Test worker] o.s.t.web.servlet.TestDispatcherServlet  : Completed initialization in 8 ms
2026-08-19T00:10:06.312+09:00  INFO 48901 --- [mxis-server] [    Test worker] c.m.s.a.controller.AuthControllerTest    : Started AuthControllerTest in 1.274 seconds (process running for 1.79)
2026-08-19T00:10:06.635+09:00  WARN 48901 --- [mxis-server] [    Test worker] c.m.s.c.e.GlobalExceptionHandler         : BusinessException: 유효하지 않거나 만료된 토큰입니다.
2026-08-19T00:10:06.671+09:00  WARN 48901 --- [mxis-server] [    Test worker] c.m.s.c.e.GlobalExceptionHandler         : BusinessException: 이메일 또는 비밀번호가 올바르지 않습니다.
]]></system-out>
  <system-err><![CDATA[]]></system-err>
</testsuite>
