<?xml version="1.0" encoding="UTF-8"?>
<testsuite name="com.mxis.server.device.controller.DeviceControllerTest" tests="10" skipped="0" failures="0" errors="0" timestamp="2026-08-16T21:52:04" hostname="minuui-MacBookAir.local" time="0.051">
  <properties/>
  <testcase name="lookup_success_returnsRegistrable()" classname="com.mxis.server.device.controller.DeviceControllerTest" time="0.009"/>
  <testcase name="updateStatus_success_returnsUpdatedDevice()" classname="com.mxis.server.device.controller.DeviceControllerTest" time="0.011"/>
  <testcase name="register_alreadyRegistered_returns409()" classname="com.mxis.server.device.controller.DeviceControllerTest" time="0.006"/>
  <testcase name="lookup_requiresAuth_returns401WithoutToken()" classname="com.mxis.server.device.controller.DeviceControllerTest" time="0.001"/>
  <testcase name="getDevice_notFound_returns404()" classname="com.mxis.server.device.controller.DeviceControllerTest" time="0.004"/>
  <testcase name="register_success_returns201()" classname="com.mxis.server.device.controller.DeviceControllerTest" time="0.003"/>
  <testcase name="updateStatus_batteryLevelOutOfRange_returns400()" classname="com.mxis.server.device.controller.DeviceControllerTest" time="0.004"/>
  <testcase name="delete_success_returns204()" classname="com.mxis.server.device.controller.DeviceControllerTest" time="0.002"/>
  <testcase name="getMyDevices_success_returnsList()" classname="com.mxis.server.device.controller.DeviceControllerTest" time="0.003"/>
  <testcase name="register_blankSerialNumber_returns400()" classname="com.mxis.server.device.controller.DeviceControllerTest" time="0.003"/>
  <system-out><![CDATA[2026-08-17T06:52:04.130+09:00  INFO 5566 --- [mxis-server] [    Test worker] t.c.s.AnnotationConfigContextLoaderUtils : Could not detect default configuration classes for test class [com.mxis.server.device.controller.DeviceControllerTest]: DeviceControllerTest does not declare any static, non-private, non-final, nested classes annotated with @Configuration.
2026-08-17T06:52:04.139+09:00  INFO 5566 --- [mxis-server] [    Test worker] .b.t.c.SpringBootTestContextBootstrapper : Found @SpringBootConfiguration com.mxis.server.MxisServerApplication for test class com.mxis.server.device.controller.DeviceControllerTest

  .   ____          _            __ _ _
 /\\ / ___'_ __ _ _(_)_ __  __ _ \ \ \ \
( ( )\___ | '_ | '_| | '_ \/ _` | \ \ \ \
 \\/  ___)| |_)| | | | | || (_| |  ) ) ) )
  '  |____| .__|_| |_|_| |_\__, | / / / /
 =========|_|==============|___/=/_/_/_/

 :: Spring Boot ::                (v3.3.5)

2026-08-17T06:52:04.151+09:00  INFO 5566 --- [mxis-server] [    Test worker] c.m.s.d.controller.DeviceControllerTest  : Starting DeviceControllerTest using Java 17.0.17 with PID 5566 (started by minu in /Users/minu/IdeaProjects/MXIS-server)
2026-08-17T06:52:04.151+09:00 DEBUG 5566 --- [mxis-server] [    Test worker] c.m.s.d.controller.DeviceControllerTest  : Running with Spring Boot v3.3.5, Spring v6.1.14
2026-08-17T06:52:04.151+09:00  INFO 5566 --- [mxis-server] [    Test worker] c.m.s.d.controller.DeviceControllerTest  : The following 1 profile is active: "local"
2026-08-17T06:52:04.246+09:00  WARN 5566 --- [mxis-server] [    Test worker] .s.s.UserDetailsServiceAutoConfiguration : 

Using generated security password: 58b8bcad-fd5a-4073-a618-607762695307

This generated password is for development use only. Your security configuration must be updated before running your application in production.

2026-08-17T06:52:04.246+09:00  INFO 5566 --- [mxis-server] [    Test worker] r$InitializeUserDetailsManagerConfigurer : Global AuthenticationManager configured with UserDetailsService bean with name inMemoryUserDetailsManager
2026-08-17T06:52:04.273+09:00 DEBUG 5566 --- [mxis-server] [    Test worker] c.m.s.c.s.JwtAuthenticationFilter        : Filter 'jwtAuthenticationFilter' configured for use
2026-08-17T06:52:04.273+09:00  INFO 5566 --- [mxis-server] [    Test worker] o.s.b.t.m.w.SpringBootMockServletContext : Initializing Spring TestDispatcherServlet ''
2026-08-17T06:52:04.273+09:00  INFO 5566 --- [mxis-server] [    Test worker] o.s.t.web.servlet.TestDispatcherServlet  : Initializing Servlet ''
2026-08-17T06:52:04.274+09:00  INFO 5566 --- [mxis-server] [    Test worker] o.s.t.web.servlet.TestDispatcherServlet  : Completed initialization in 1 ms
2026-08-17T06:52:04.277+09:00  INFO 5566 --- [mxis-server] [    Test worker] c.m.s.d.controller.DeviceControllerTest  : Started DeviceControllerTest in 0.137 seconds (process running for 1.776)
2026-08-17T06:52:04.305+09:00  WARN 5566 --- [mxis-server] [    Test worker] c.m.s.c.e.GlobalExceptionHandler         : BusinessException: 이미 등록된 기기입니다.
2026-08-17T06:52:04.311+09:00  WARN 5566 --- [mxis-server] [    Test worker] c.m.s.c.e.GlobalExceptionHandler         : BusinessException: 기기 정보를 찾을 수 없습니다.
]]></system-out>
  <system-err><![CDATA[]]></system-err>
</testsuite>
